<?xml version="1.0" encoding="UTF-8"?>
<robot generator="Robot 6.1 (Python 3.11.4 on win32)" generated="20230612 17:22:22.718" rpa="false" schemaversion="4">
<suite id="s1" name="monProjet" source="c:\Users\Formation\Documents\formation Robo\monProjet.robot">
<test id="s1-t1" name="se connecter à Sauce Demo3" line="84">
<kw name="Open Browser" library="SeleniumLibrary">
<arg>https://www.saucedemo.com/</arg>
<arg>chrome</arg>
<doc>Opens a new browser instance to the optional ``url``.</doc>
<msg timestamp="20230612 17:22:23.062" level="INFO">Opening browser 'chrome' to base url 'https://www.saucedemo.com/'.</msg>
<msg timestamp="20230612 17:22:23.072" level="INFO">Applicable driver not found; attempting to install with Selenium Manager (Beta)</msg>
<status status="PASS" starttime="20230612 17:22:23.061" endtime="20230612 17:22:27.546"/>
</kw>
<kw name="Maximize Browser Window" library="SeleniumLibrary">
<doc>Maximizes current browser window.</doc>
<status status="PASS" starttime="20230612 17:22:27.547" endtime="20230612 17:22:27.660"/>
</kw>
<kw name="Input Text" library="SeleniumLibrary">
<arg>${login}</arg>
<arg>${username}</arg>
<doc>Types the given ``text`` into the text field identified by ``locator``.</doc>
<msg timestamp="20230612 17:22:27.684" level="INFO">Typing text 'standard_user' into text field '//*[@id="user-name"]'.</msg>
<status status="PASS" starttime="20230612 17:22:27.661" endtime="20230612 17:22:27.823"/>
</kw>
<kw name="Input Text" library="SeleniumLibrary">
<arg>${motdepass}</arg>
<arg>${newpassword1}</arg>
<doc>Types the given ``text`` into the text field identified by ``locator``.</doc>
<msg timestamp="20230612 17:22:27.825" level="INFO">Typing text '' into text field '//*[@id="password"]'.</msg>
<status status="PASS" starttime="20230612 17:22:27.824" endtime="20230612 17:22:27.901"/>
</kw>
<kw name="Click Button" library="SeleniumLibrary">
<arg>${clickbutton}</arg>
<doc>Clicks the button identified by ``locator``.</doc>
<msg timestamp="20230612 17:22:27.903" level="INFO">Clicking button '//*[@id="login-button"]'.</msg>
<status status="PASS" starttime="20230612 17:22:27.902" endtime="20230612 17:22:27.969"/>
</kw>
<kw name="Set Variable" library="BuiltIn">
<var>${message-text1}</var>
<arg>Epic sadface: Password is required</arg>
<doc>Returns the given values which can then be assigned to a variables.</doc>
<msg timestamp="20230612 17:22:27.971" level="INFO">${message-text1} = Epic sadface: Password is required</msg>
<status status="PASS" starttime="20230612 17:22:27.970" endtime="20230612 17:22:27.971"/>
</kw>
<kw name="Get Text" library="SeleniumLibrary">
<var>${message_erreur1}</var>
<arg>${message d'erreur}</arg>
<doc>Returns the text value of the element identified by ``locator``.</doc>
<msg timestamp="20230612 17:22:28.001" level="INFO">${message_erreur1} = Epic sadface: Password is required</msg>
<status status="PASS" starttime="20230612 17:22:27.972" endtime="20230612 17:22:28.001"/>
</kw>
<kw name="Should Be Equal" library="BuiltIn">
<arg>${message-text1}</arg>
<arg>${message_erreur1}</arg>
<doc>Fails if the given objects are unequal.</doc>
<status status="PASS" starttime="20230612 17:22:28.002" endtime="20230612 17:22:28.003"/>
</kw>
<kw name="Sleep" library="BuiltIn">
<arg>20</arg>
<doc>Pauses the test executed for the given time.</doc>
<msg timestamp="20230612 17:22:48.004" level="INFO">Slept 20 seconds</msg>
<status status="PASS" starttime="20230612 17:22:28.004" endtime="20230612 17:22:48.004"/>
</kw>
<kw name="Close All Browsers" library="SeleniumLibrary">
<doc>Closes all open browsers and resets the browser cache.</doc>
<status status="PASS" starttime="20230612 17:22:48.005" endtime="20230612 17:22:54.226"/>
</kw>
<status status="PASS" starttime="20230612 17:22:23.060" endtime="20230612 17:22:54.228"/>
</test>
<status status="PASS" starttime="20230612 17:22:22.724" endtime="20230612 17:22:54.231"/>
</suite>
<statistics>
<total>
<stat pass="1" fail="0" skip="0">All Tests</stat>
</total>
<tag>
</tag>
<suite>
<stat pass="1" fail="0" skip="0" id="s1" name="monProjet">monProjet</stat>
</suite>
</statistics>
<errors>
</errors>
</robot>
